<?xml version="1.0" encoding="UTF-8"?>
<!-- Generated by org.testng.reporters.JUnitReportReporter -->
<testsuite hostname="PTS-LDR-NELISSJ" name="test.com.NewEmptyTestNGTest" tests="1" failures="0" timestamp="19 Feb 2019 04:48:05 GMT" time="0.000" errors="0">
  <testcase name="hello" time="0.000" classname="test.com.NewEmptyTestNGTest"/>
</testsuite> <!-- test.com.NewEmptyTestNGTest -->
